<?xml version="1.0" encoding="UTF-8"?>
<!-- Generated by org.testng.reporters.JUnitReportReporter -->
<testsuite hostname="Admin-PC" failures="0" tests="1" name="tests.LoginTest" time="4.507" errors="0" timestamp="2024-06-08T17:02:58 GMT+07:00" skipped="0">
  <testcase classname="tests.LoginTest" name="loginSuccessfully" time="4.507"/>
  <system-out/>
</testsuite> <!-- tests.LoginTest -->
